[14-Apr-2021 16:05:43] NOTICE: fpm is running, pid 41
[14-Apr-2021 16:05:43] NOTICE: ready to handle connections
[14-Apr-2021 16:05:43] NOTICE: systemd monitor interval set to 10000ms
[14-Apr-2021 16:09:33] NOTICE: Terminating ...
[14-Apr-2021 16:09:33] NOTICE: exiting, bye-bye!
[14-Apr-2021 16:09:36] NOTICE: fpm is running, pid 36
[14-Apr-2021 16:09:36] NOTICE: ready to handle connections
[14-Apr-2021 16:09:36] NOTICE: systemd monitor interval set to 10000ms
[14-Apr-2021 16:21:35] NOTICE: Terminating ...
[14-Apr-2021 16:21:35] NOTICE: exiting, bye-bye!
[14-Apr-2021 16:54:46] NOTICE: fpm is running, pid 33
[14-Apr-2021 16:54:46] NOTICE: ready to handle connections
[14-Apr-2021 16:54:46] NOTICE: systemd monitor interval set to 10000ms
[14-Apr-2021 16:55:25] NOTICE: Terminating ...
[14-Apr-2021 16:55:25] NOTICE: exiting, bye-bye!
[14-Apr-2021 16:55:28] NOTICE: fpm is running, pid 34
[14-Apr-2021 16:55:28] NOTICE: ready to handle connections
[14-Apr-2021 16:55:28] NOTICE: systemd monitor interval set to 10000ms
[14-Apr-2021 16:56:00] NOTICE: Terminating ...
[14-Apr-2021 16:56:00] NOTICE: exiting, bye-bye!
[14-Apr-2021 16:59:00] NOTICE: fpm is running, pid 32
[14-Apr-2021 16:59:00] NOTICE: ready to handle connections
[14-Apr-2021 16:59:00] NOTICE: systemd monitor interval set to 10000ms
[14-Apr-2021 17:01:19] NOTICE: Terminating ...
[14-Apr-2021 17:01:20] NOTICE: exiting, bye-bye!
[14-Apr-2021 17:01:24] NOTICE: fpm is running, pid 34
[14-Apr-2021 17:01:24] NOTICE: ready to handle connections
[14-Apr-2021 17:01:24] NOTICE: systemd monitor interval set to 10000ms
